# JRE version: OpenJDK Runtime Environment (17.0.2+8) (build 17.0.2+8-86)
# Java VM: OpenJDK 64-Bit Server VM (17.0.2+8-86, mixed mode, emulated-client, sharing, tiered, compressed oops, compressed class ptrs, g1 gc, windows-amd64)
GC Precious Log:
 CPUs: 4 total, 4 available
 Memory: 8104M
 Large Page Support: Disabled
 NUMA Support: Disabled
 Compressed Oops: Enabled (32-bit)
 Heap Region Size: 1M
 Heap Min Capacity: 8M
 Heap Initial Capacity: 128M
 Heap Max Capacity: 2028M
 Pre-touch: Disabled
 Parallel Workers: 4
 Concurrent Workers: 1
 Concurrent Refinement Workers: 4
 Periodic GC: Disabled
Heap:
 garbage-first heap   total 131072K, used 65301K [0x0000000081400000, 0x0000000100000000)
  region size 1024K, 43 young (44032K), 6 survivors (6144K)
 Metaspace       used 17052K, committed 17472K, reserved 1064960K
  class space    used 2346K, committed 2560K, reserved 1048576K
GC Heap History (12 events):
Event: 1.919 GC heap before
{Heap before GC invocations=0 (full 0):
 garbage-first heap   total 131072K, used 13312K [0x0000000081400000, 0x0000000100000000)
  region size 1024K, 13 young (13312K), 0 survivors (0K)
 Metaspace       used 3730K, committed 3904K, reserved 1056768K
  class space    used 437K, committed 512K, reserved 1048576K
}
Event: 1.968 GC heap after
{Heap after GC invocations=1 (full 0):
 garbage-first heap   total 131072K, used 3547K [0x0000000081400000, 0x0000000100000000)
  region size 1024K, 2 young (2048K), 2 survivors (2048K)
 Metaspace       used 3730K, committed 3904K, reserved 1056768K
  class space    used 437K, committed 512K, reserved 1048576K
}
Event: 3.196 GC heap before
{Heap before GC invocations=1 (full 0):
 garbage-first heap   total 131072K, used 14811K [0x0000000081400000, 0x0000000100000000)
  region size 1024K, 13 young (13312K), 2 survivors (2048K)
 Metaspace       used 3929K, committed 4160K, reserved 1056768K
  class space    used 476K, committed 640K, reserved 1048576K
}
Event: 3.212 GC heap after
{Heap after GC invocations=2 (full 0):
 garbage-first heap   total 131072K, used 11923K [0x0000000081400000, 0x0000000100000000)
  region size 1024K, 2 young (2048K), 2 survivors (2048K)
 Metaspace       used 3929K, committed 4160K, reserved 1056768K
  class space    used 476K, committed 640K, reserved 1048576K
}
Event: 3.649 GC heap before
{Heap before GC invocations=2 (full 0):
 garbage-first heap   total 131072K, used 29331K [0x0000000081400000, 0x0000000100000000)
  region size 1024K, 19 young (19456K), 2 survivors (2048K)
 Metaspace       used 3951K, committed 4224K, reserved 1056768K
  class space    used 480K, committed 640K, reserved 1048576K
}
Event: 3.662 GC heap after
{Heap after GC invocations=3 (full 0):
 garbage-first heap   total 131072K, used 16723K [0x0000000081400000, 0x0000000100000000)
  region size 1024K, 3 young (3072K), 3 survivors (3072K)
 Metaspace       used 3951K, committed 4224K, reserved 1056768K
  class space    used 480K, committed 640K, reserved 1048576K
}
Event: 6.069 GC heap before
{Heap before GC invocations=3 (full 0):
 garbage-first heap   total 131072K, used 46419K [0x0000000081400000, 0x0000000100000000)
  region size 1024K, 32 young (32768K), 3 survivors (3072K)
 Metaspace       used 6434K, committed 6656K, reserved 1056768K
  class space    used 825K, committed 960K, reserved 1048576K
}
Event: 6.088 GC heap after
{Heap after GC invocations=4 (full 0):
 garbage-first heap   total 131072K, used 23727K [0x0000000081400000, 0x0000000100000000)
  region size 1024K, 4 young (4096K), 4 survivors (4096K)
 Metaspace       used 6434K, committed 6656K, reserved 1056768K
  class space    used 825K, committed 960K, reserved 1048576K
}
Event: 7.911 GC heap before
{Heap before GC invocations=4 (full 0):
 garbage-first heap   total 131072K, used 54447K [0x0000000081400000, 0x0000000100000000)
  region size 1024K, 34 young (34816K), 4 survivors (4096K)
 Metaspace       used 10809K, committed 11136K, reserved 1064960K
  class space    used 1398K, committed 1536K, reserved 1048576K
}
Event: 7.926 GC heap after
{Heap after GC invocations=5 (full 0):
 garbage-first heap   total 131072K, used 26081K [0x0000000081400000, 0x0000000100000000)
  region size 1024K, 2 young (2048K), 2 survivors (2048K)
 Metaspace       used 10809K, committed 11136K, reserved 1064960K
  class space    used 1398K, committed 1536K, reserved 1048576K
}
Event: 9.368 GC heap before
{Heap before GC invocations=5 (full 0):
 garbage-first heap   total 131072K, used 80353K [0x0000000081400000, 0x0000000100000000)
  region size 1024K, 55 young (56320K), 2 survivors (2048K)
 Metaspace       used 15104K, committed 15424K, reserved 1064960K
  class space    used 2098K, committed 2240K, reserved 1048576K
}
Event: 9.381 GC heap after
{Heap after GC invocations=6 (full 0):
 garbage-first heap   total 131072K, used 29461K [0x0000000081400000, 0x0000000100000000)
  region size 1024K, 6 young (6144K), 6 survivors (6144K)
 Metaspace       used 15104K, committed 15424K, reserved 1064960K
  class space    used 2098K, committed 2240K, reserved 1048576K
}

